#
# There is insufficient memory for the Java Runtime Environment to continue.
# Native memory allocation (malloc) failed to allocate 1139440 bytes for Chunk::new
# Possible reasons:
#   The system is out of physical RAM or swap space
#   The process is running with CompressedOops enabled, and the Java Heap may be blocking the growth of the native heap
# Possible solutions:
#   Reduce memory load on the system
#   Increase physical memory or swap space
#   Check if swap backing store is full
#   Decrease Java heap size (-Xmx/-Xms)
#   Decrease number of Java threads
#   Decrease Java thread stack sizes (-Xss)
#   Set larger code cache with -XX:ReservedCodeCacheSize=
#   JVM is running with Unscaled Compressed Oops mode in which the Java heap is
#     placed in the first 4GB address space. The Java Heap base address is the
#     maximum limit for the native heap growth. Please use -XX:HeapBaseMinAddress
#     to set the Java Heap base and to place the Java Heap above 4GB virtual address.
# This output file may be truncated or incomplete.
#
#  Out of Memory Error (arena.cpp:189), pid=20608, tid=12792
#
# JRE version: Java(TM) SE Runtime Environment (17.0.4.1+1) (build 17.0.4.1+1-LTS-2)
# Java VM: Java HotSpot(TM) 64-Bit Server VM (17.0.4.1+1-LTS-2, mixed mode, sharing, tiered, compressed oops, compressed class ptrs, g1 gc, windows-amd64)
# No core dump will be written. Minidumps are not enabled by default on client versions of Windows
#

---------------  S U M M A R Y ------------

Command Line: -javaagent:C:\Program Files\JetBrains\IntelliJ IDEA Community Edition 2022.2.1\lib\idea_rt.jar=53345:C:\Program Files\JetBrains\IntelliJ IDEA Community Edition 2022.2.1\bin -Dfile.encoding=UTF-8 Medicine.Finder.Medicine.Finder.MedicineFinderApplication

Host: 11th Gen Intel(R) Core(TM) i5-1135G7 @ 2.40GHz, 8 cores, 7G,  Windows 10 , 64 bit Build 19041 (10.0.19041.1889)
Time: Wed Oct  5 17:37:37 2022 Sri Lanka Standard Time elapsed time: 932.981614 seconds (0d 0h 15m 32s)

---------------  T H R E A D  ---------------

Current thread (0x00000215fc26ac40):  JavaThread "C2 CompilerThread0" daemon [_thread_in_native, id=12792, stack(0x000000d7fc600000,0x000000d7fc700000)]


Current CompileTask:
C2: 932981 6103       4       java.util.TreeMap::put (221 bytes)

Stack: [0x000000d7fc600000,0x000000d7fc700000]
Native frames: (J=compiled Java code, j=interpreted, Vv=VM code, C=native code)
V  [jvm.dll+0x6723ba]
V  [jvm.dll+0x7d1e34]
V  [jvm.dll+0x7d35de]
V  [jvm.dll+0x7d3c43]
V  [jvm.dll+0x243065]
V  [jvm.dll+0xaa57b]
V  [jvm.dll+0xaab0c]
V  [jvm.dll+0x360467]
V  [jvm.dll+0x32a971]
V  [jvm.dll+0x329e1a]
V  [jvm.dll+0x2161a1]
V  [jvm.dll+0x2155c1]
V  [jvm.dll+0x1a1fcd]
V  [jvm.dll+0x224e08]
V  [jvm.dll+0x222f75]
V  [jvm.dll+0x787a0b]
V  [jvm.dll+0x781fca]
V  [jvm.dll+0x671245]
C  [ucrtbase.dll+0x21bb2]
C  [KERNEL32.DLL+0x17034]
C  [ntdll.dll+0x526a1]


---------------  P R O C E S S  ---------------

Threads class SMR info:
_java_thread_list=0x00000215831bdcf0, length=30, elements={
0x00000215fc24f4e0, 0x00000215fc24ffa0, 0x00000215fc260030, 0x00000215fc262900,
0x00000215fc2651d0, 0x00000215fc266aa0, 0x00000215fc26ac40, 0x00000215fc273600,
0x00000215fc293f10, 0x00000215fccb3e20, 0x00000215fccb5160, 0x00000215fccb42f0,
0x00000215fccb47c0, 0x00000215fccb4c90, 0x00000215fccb5b00, 0x00000215fccb7310,
0x00000215fccb5630, 0x00000215fccb6970, 0x00000215fccb77e0, 0x00000215fccb6e40,
0x0000021585bd4d80, 0x0000021585bd48b0, 0x0000021585bd78d0, 0x0000021585bd5bf0,
0x0000021585bd2bd0, 0x0000021585bd43e0, 0x0000021585bd90e0, 0x0000021585bd5250,
0x0000021585bd95b0, 0x0000021585bd5720
}

Java Threads: ( => current thread )
  0x00000215fc24f4e0 JavaThread "Reference Handler" daemon [_thread_blocked, id=3068, stack(0x000000d7fc000000,0x000000d7fc100000)]
  0x00000215fc24ffa0 JavaThread "Finalizer" daemon [_thread_blocked, id=8036, stack(0x000000d7fc100000,0x000000d7fc200000)]
  0x00000215fc260030 JavaThread "Signal Dispatcher" daemon [_thread_blocked, id=17884, stack(0x000000d7fc200000,0x000000d7fc300000)]
  0x00000215fc262900 JavaThread "Attach Listener" daemon [_thread_blocked, id=3960, stack(0x000000d7fc300000,0x000000d7fc400000)]
  0x00000215fc2651d0 JavaThread "Service Thread" daemon [_thread_blocked, id=9988, stack(0x000000d7fc400000,0x000000d7fc500000)]
  0x00000215fc266aa0 JavaThread "Monitor Deflation Thread" daemon [_thread_blocked, id=9096, stack(0x000000d7fc500000,0x000000d7fc600000)]
=>0x00000215fc26ac40 JavaThread "C2 CompilerThread0" daemon [_thread_in_native, id=12792, stack(0x000000d7fc600000,0x000000d7fc700000)]
  0x00000215fc273600 JavaThread "C1 CompilerThread0" daemon [_thread_blocked, id=7500, stack(0x000000d7fc700000,0x000000d7fc800000)]
  0x00000215fc293f10 JavaThread "Sweeper thread" daemon [_thread_blocked, id=16680, stack(0x000000d7fc800000,0x000000d7fc900000)]
  0x00000215fccb3e20 JavaThread "Common-Cleaner" daemon [_thread_blocked, id=10672, stack(0x000000d7fc900000,0x000000d7fca00000)]
  0x00000215fccb5160 JavaThread "Monitor Ctrl-Break" daemon [_thread_in_native, id=16236, stack(0x000000d7fcb00000,0x000000d7fcc00000)]
  0x00000215fccb42f0 JavaThread "Notification Thread" daemon [_thread_blocked, id=19356, stack(0x000000d7fcc00000,0x000000d7fcd00000)]
  0x00000215fccb47c0 JavaThread "Catalina-utility-1" [_thread_blocked, id=19812, stack(0x000000d7fd800000,0x000000d7fd900000)]
  0x00000215fccb4c90 JavaThread "Catalina-utility-2" [_thread_blocked, id=11964, stack(0x000000d7fd900000,0x000000d7fda00000)]
  0x00000215fccb5b00 JavaThread "container-0" [_thread_blocked, id=12488, stack(0x000000d7fda00000,0x000000d7fdb00000)]
  0x00000215fccb7310 JavaThread "mysql-cj-abandoned-connection-cleanup" daemon [_thread_blocked, id=16712, stack(0x000000d7fdb00000,0x000000d7fdc00000)]
  0x00000215fccb5630 JavaThread "HikariPool-1 housekeeper" daemon [_thread_blocked, id=19028, stack(0x000000d7fca00000,0x000000d7fcb00000)]
  0x00000215fccb6970 JavaThread "http-nio-8080-exec-1" daemon [_thread_blocked, id=3056, stack(0x000000d7fdf00000,0x000000d7fe000000)]
  0x00000215fccb77e0 JavaThread "http-nio-8080-exec-2" daemon [_thread_blocked, id=16692, stack(0x000000d7fe000000,0x000000d7fe100000)]
  0x00000215fccb6e40 JavaThread "http-nio-8080-exec-3" daemon [_thread_blocked, id=20876, stack(0x000000d7fe100000,0x000000d7fe200000)]
  0x0000021585bd4d80 JavaThread "http-nio-8080-exec-4" daemon [_thread_blocked, id=14740, stack(0x000000d7fe200000,0x000000d7fe300000)]
  0x0000021585bd48b0 JavaThread "http-nio-8080-exec-5" daemon [_thread_blocked, id=10836, stack(0x000000d7fe300000,0x000000d7fe400000)]
  0x0000021585bd78d0 JavaThread "http-nio-8080-exec-6" daemon [_thread_blocked, id=13236, stack(0x000000d7fe400000,0x000000d7fe500000)]
  0x0000021585bd5bf0 JavaThread "http-nio-8080-exec-7" daemon [_thread_blocked, id=6884, stack(0x000000d7fe500000,0x000000d7fe600000)]
  0x0000021585bd2bd0 JavaThread "http-nio-8080-exec-8" daemon [_thread_blocked, id=8444, stack(0x000000d7fe600000,0x000000d7fe700000)]
  0x0000021585bd43e0 JavaThread "http-nio-8080-exec-9" daemon [_thread_blocked, id=20304, stack(0x000000d7fe700000,0x000000d7fe800000)]
  0x0000021585bd90e0 JavaThread "http-nio-8080-exec-10" daemon [_thread_blocked, id=18244, stack(0x000000d7fe800000,0x000000d7fe900000)]
  0x0000021585bd5250 JavaThread "http-nio-8080-Poller" daemon [_thread_in_native, id=17108, stack(0x000000d7fe900000,0x000000d7fea00000)]
  0x0000021585bd95b0 JavaThread "http-nio-8080-Acceptor" daemon [_thread_in_native, id=13368, stack(0x000000d7fea00000,0x000000d7feb00000)]
  0x0000021585bd5720 JavaThread "DestroyJavaVM" [_thread_blocked, id=17608, stack(0x000000d7fb900000,0x000000d7fba00000)]

Other Threads:
  0x00000215fc247e60 VMThread "VM Thread" [stack: 0x000000d7fbf00000,0x000000d7fc000000] [id=19020]
  0x00000215fd0150f0 WatcherThread [stack: 0x000000d7fcd00000,0x000000d7fce00000] [id=17164]
  0x00000215dc3778c0 GCTaskThread "GC Thread#0" [stack: 0x000000d7fba00000,0x000000d7fbb00000] [id=11804]
  0x00000215fd7f23d0 GCTaskThread "GC Thread#1" [stack: 0x000000d7fce00000,0x000000d7fcf00000] [id=16804]
  0x00000215fd7f2a90 GCTaskThread "GC Thread#2" [stack: 0x000000d7fcf00000,0x000000d7fd000000] [id=9008]
  0x00000215fd5ae6a0 GCTaskThread "GC Thread#3" [stack: 0x000000d7fd000000,0x000000d7fd100000] [id=7376]
  0x00000215fd5ae950 GCTaskThread "GC Thread#4" [stack: 0x000000d7fd100000,0x000000d7fd200000] [id=2372]
  0x00000215fd5b3420 GCTaskThread "GC Thread#5" [stack: 0x000000d7fd200000,0x000000d7fd300000] [id=7172]
  0x00000215fd5b36d0 GCTaskThread "GC Thread#6" [stack: 0x000000d7fd300000,0x000000d7fd400000] [id=13620]
  0x00000215fe102840 GCTaskThread "GC Thread#7" [stack: 0x000000d7fd600000,0x000000d7fd700000] [id=12040]
  0x00000215dc1dddd0 ConcurrentGCThread "G1 Main Marker" [stack: 0x000000d7fbb00000,0x000000d7fbc00000] [id=19108]
  0x00000215dc386580 ConcurrentGCThread "G1 Conc#0" [stack: 0x000000d7fbc00000,0x000000d7fbd00000] [id=13512]
  0x00000215fde2fc20 ConcurrentGCThread "G1 Conc#1" [stack: 0x000000d7fd700000,0x000000d7fd800000] [id=14592]
  0x00000215dc3ed230 ConcurrentGCThread "G1 Refine#0" [stack: 0x000000d7fbd00000,0x000000d7fbe00000] [id=20832]
  0x00000215fcf6e6a0 ConcurrentGCThread "G1 Refine#1" [stack: 0x000000d7fd400000,0x000000d7fd500000] [id=15608]
  0x00000215dc3edb60 ConcurrentGCThread "G1 Service" [stack: 0x000000d7fbe00000,0x000000d7fbf00000] [id=16912]

Threads with active compile tasks:
C2 CompilerThread0   933008 6103       4       java.util.TreeMap::put (221 bytes)

VM state: not at safepoint (normal execution)

VM Mutex/Monitor currently owned by a thread: None

Heap address: 0x0000000083c00000, size: 1988 MB, Compressed Oops mode: 32-bit

CDS archive(s) mapped at: [0x0000000800000000-0x0000000800bc0000-0x0000000800bc0000), size 12320768, SharedBaseAddress: 0x0000000800000000, ArchiveRelocationMode: 0.
Compressed class space mapped at: 0x0000000800c00000-0x0000000840c00000, reserved size: 1073741824
Narrow klass base: 0x0000000800000000, Narrow klass shift: 0, Narrow klass range: 0x100000000

GC Precious Log:
 CPUs: 8 total, 8 available
 Memory: 7948M
 Large Page Support: Disabled
 NUMA Support: Disabled
 Compressed Oops: Enabled (32-bit)
 Heap Region Size: 1M
 Heap Min Capacity: 8M
 Heap Initial Capacity: 126M
 Heap Max Capacity: 1988M
 Pre-touch: Disabled
 Parallel Workers: 8
 Concurrent Workers: 2
 Concurrent Refinement Workers: 8
 Periodic GC: Disabled

Heap:
 garbage-first heap   total 61440K, used 43238K [0x0000000083c00000, 0x0000000100000000)
  region size 1024K, 22 young (22528K), 4 survivors (4096K)
 Metaspace       used 64404K, committed 64768K, reserved 1105920K
  class space    used 8545K, committed 8704K, reserved 1048576K

Heap Regions: E=young(eden), S=young(survivor), O=old, HS=humongous(starts), HC=humongous(continues), CS=collection set, F=free, OA=open archive, CA=closed archive, TAMS=top-at-mark-start (previous, next)
|   0|0x0000000083c00000, 0x0000000083d00000, 0x0000000083d00000|100%|HS|  |TAMS 0x0000000083d00000, 0x0000000083c00000| Complete 
|   1|0x0000000083d00000, 0x0000000083e00000, 0x0000000083e00000|100%| O|  |TAMS 0x0000000083e00000, 0x0000000083d00000| Untracked 
|   2|0x0000000083e00000, 0x0000000083f00000, 0x0000000083f00000|100%| O|  |TAMS 0x0000000083f00000, 0x0000000083e00000| Untracked 
|   3|0x0000000083f00000, 0x0000000084000000, 0x0000000084000000|100%| O|  |TAMS 0x0000000084000000, 0x0000000083f00000| Untracked 
|   4|0x0000000084000000, 0x0000000084100000, 0x0000000084100000|100%| O|  |TAMS 0x0000000084100000, 0x0000000084000000| Untracked 
|   5|0x0000000084100000, 0x0000000084200000, 0x0000000084200000|100%| O|  |TAMS 0x0000000084200000, 0x0000000084100000| Untracked 
|   6|0x0000000084200000, 0x0000000084300000, 0x0000000084300000|100%| O|  |TAMS 0x0000000084300000, 0x0000000084200000| Untracked 
|   7|0x0000000084300000, 0x000000008433d600, 0x0000000084400000| 23%| O|  |TAMS 0x000000008433d600, 0x0000000084300000| Untracked 
|   8|0x0000000084400000, 0x0000000084500000, 0x0000000084500000|100%| O|  |TAMS 0x0000000084500000, 0x0000000084400000| Untracked 
|   9|0x0000000084500000, 0x0000000084600000, 0x0000000084600000|100%| O|  |TAMS 0x0000000084600000, 0x0000000084500000| Untracked 
|  10|0x0000000084600000, 0x0000000084700000, 0x0000000084700000|100%| O|  |TAMS 0x0000000084700000, 0x0000000084600000| Untracked 
|  11|0x0000000084700000, 0x0000000084800000, 0x0000000084800000|100%| O|  |TAMS 0x0000000084700000, 0x0000000084700000| Untracked 
|  12|0x0000000084800000, 0x0000000084900000, 0x0000000084900000|100%| O|  |TAMS 0x0000000084800000, 0x0000000084800000| Untracked 
|  13|0x0000000084900000, 0x0000000084a00000, 0x0000000084a00000|100%| O|  |TAMS 0x0000000084900000, 0x0000000084900000| Untracked 
|  14|0x0000000084a00000, 0x0000000084b00000, 0x0000000084b00000|100%| O|  |TAMS 0x0000000084a00000, 0x0000000084a00000| Untracked 
|  15|0x0000000084b00000, 0x0000000084c00000, 0x0000000084c00000|100%| O|  |TAMS 0x0000000084b00000, 0x0000000084b00000| Untracked 
|  16|0x0000000084c00000, 0x0000000084d00000, 0x0000000084d00000|100%| O|  |TAMS 0x0000000084c00000, 0x0000000084c00000| Untracked 
|  17|0x0000000084d00000, 0x0000000084e00000, 0x0000000084e00000|100%| O|  |TAMS 0x0000000084d00000, 0x0000000084d00000| Untracked 
|  18|0x0000000084e00000, 0x0000000084f00000, 0x0000000084f00000|100%| O|  |TAMS 0x0000000084f00000, 0x0000000084e00000| Untracked 
|  19|0x0000000084f00000, 0x0000000085000000, 0x0000000085000000|100%| O|  |TAMS 0x0000000085000000, 0x0000000084f00000| Untracked 
|  20|0x0000000085000000, 0x0000000085100000, 0x0000000085100000|100%| O|  |TAMS 0x0000000085100000, 0x0000000085000000| Untracked 
|  21|0x0000000085100000, 0x0000000085200000, 0x0000000085200000|100%| O|  |TAMS 0x0000000085200000, 0x0000000085100000| Untracked 
|  22|0x0000000085200000, 0x0000000085300000, 0x0000000085300000|100%| O|  |TAMS 0x00000000852e3a00, 0x0000000085200000| Untracked 
|  23|0x0000000085300000, 0x0000000085349a00, 0x0000000085400000| 28%| O|  |TAMS 0x0000000085300000, 0x0000000085300000| Untracked 
|  24|0x0000000085400000, 0x0000000085400000, 0x0000000085500000|  0%| F|  |TAMS 0x0000000085400000, 0x0000000085400000| Untracked 
|  25|0x0000000085500000, 0x0000000085500000, 0x0000000085600000|  0%| F|  |TAMS 0x0000000085500000, 0x0000000085500000| Untracked 
|  26|0x0000000085600000, 0x0000000085600000, 0x0000000085700000|  0%| F|  |TAMS 0x0000000085600000, 0x0000000085600000| Untracked 
|  27|0x0000000085700000, 0x0000000085700000, 0x0000000085800000|  0%| F|  |TAMS 0x0000000085700000, 0x0000000085700000| Untracked 
|  28|0x0000000085800000, 0x0000000085800000, 0x0000000085900000|  0%| F|  |TAMS 0x0000000085800000, 0x0000000085800000| Untracked 
|  29|0x0000000085900000, 0x0000000085900000, 0x0000000085a00000|  0%| F|  |TAMS 0x0000000085900000, 0x0000000085900000| Untracked 
|  30|0x0000000085a00000, 0x0000000085a00000, 0x0000000085b00000|  0%| F|  |TAMS 0x0000000085a00000, 0x0000000085a00000| Untracked 
|  31|0x0000000085b00000, 0x0000000085b00000, 0x0000000085c00000|  0%| F|  |TAMS 0x0000000085b00000, 0x0000000085b00000| Untracked 
|  32|0x0000000085c00000, 0x0000000085c00000, 0x0000000085d00000|  0%| F|  |TAMS 0x0000000085c00000, 0x0000000085c00000| Untracked 
|  33|0x0000000085d00000, 0x0000000085d00000, 0x0000000085e00000|  0%| F|  |TAMS 0x0000000085d00000, 0x0000000085d00000| Untracked 
|  34|0x0000000085e00000, 0x0000000085eb2b60, 0x0000000085f00000| 69%| S|CS|TAMS 0x0000000085e00000, 0x0000000085e00000| Complete 
|  35|0x0000000085f00000, 0x0000000086000000, 0x0000000086000000|100%| S|CS|TAMS 0x0000000085f00000, 0x0000000085f00000| Complete 
|  36|0x0000000086000000, 0x0000000086100000, 0x0000000086100000|100%| S|CS|TAMS 0x0000000086000000, 0x0000000086000000| Complete 
|  37|0x0000000086100000, 0x0000000086200000, 0x0000000086200000|100%| S|CS|TAMS 0x0000000086100000, 0x0000000086100000| Complete 
|  38|0x0000000086200000, 0x0000000086200000, 0x0000000086300000|  0%| F|  |TAMS 0x0000000086200000, 0x0000000086200000| Untracked 
|  39|0x0000000086300000, 0x0000000086300000, 0x0000000086400000|  0%| F|  |TAMS 0x0000000086300000, 0x0000000086300000| Untracked 
|  40|0x0000000086400000, 0x0000000086400000, 0x0000000086500000|  0%| F|  |TAMS 0x0000000086400000, 0x0000000086400000| Untracked 
|  41|0x0000000086500000, 0x0000000086500000, 0x0000000086600000|  0%| F|  |TAMS 0x0000000086500000, 0x0000000086500000| Untracked 
|  42|0x0000000086600000, 0x000000008667c2f8, 0x0000000086700000| 48%| E|  |TAMS 0x0000000086600000, 0x0000000086600000| Complete 
|  43|0x0000000086700000, 0x0000000086800000, 0x0000000086800000|100%| E|CS|TAMS 0x0000000086700000, 0x0000000086700000| Complete 
|  44|0x0000000086800000, 0x0000000086900000, 0x0000000086900000|100%| E|  |TAMS 0x0000000086800000, 0x0000000086800000| Complete 
|  45|0x0000000086900000, 0x0000000086a00000, 0x0000000086a00000|100%| E|CS|TAMS 0x0000000086900000, 0x0000000086900000| Complete 
|  46|0x0000000086a00000, 0x0000000086b00000, 0x0000000086b00000|100%| E|CS|TAMS 0x0000000086a00000, 0x0000000086a00000| Complete 
|  47|0x0000000086b00000, 0x0000000086c00000, 0x0000000086c00000|100%| E|CS|TAMS 0x0000000086b00000, 0x0000000086b00000| Complete 
|  48|0x0000000086c00000, 0x0000000086d00000, 0x0000000086d00000|100%| E|CS|TAMS 0x0000000086c00000, 0x0000000086c00000| Complete 
|  49|0x0000000086d00000, 0x0000000086e00000, 0x0000000086e00000|100%| E|CS|TAMS 0x0000000086d00000, 0x0000000086d00000| Complete 
|  50|0x0000000086e00000, 0x0000000086f00000, 0x0000000086f00000|100%| E|CS|TAMS 0x0000000086e00000, 0x0000000086e00000| Complete 
|  51|0x0000000086f00000, 0x0000000087000000, 0x0000000087000000|100%| E|CS|TAMS 0x0000000086f00000, 0x0000000086f00000| Complete 
|  52|0x0000000087000000, 0x0000000087100000, 0x0000000087100000|100%| E|CS|TAMS 0x0000000087000000, 0x0000000087000000| Complete 
|  69|0x0000000088100000, 0x0000000088200000, 0x0000000088200000|100%| E|CS|TAMS 0x0000000088100000, 0x0000000088100000| Complete 
|  70|0x0000000088200000, 0x0000000088300000, 0x0000000088300000|100%| E|CS|TAMS 0x0000000088200000, 0x0000000088200000| Complete 
|  71|0x0000000088300000, 0x0000000088400000, 0x0000000088400000|100%| E|CS|TAMS 0x0000000088300000, 0x0000000088300000| Complete 
|  72|0x0000000088400000, 0x0000000088500000, 0x0000000088500000|100%| E|CS|TAMS 0x0000000088400000, 0x0000000088400000| Complete 
|  73|0x0000000088500000, 0x0000000088600000, 0x0000000088600000|100%| E|CS|TAMS 0x0000000088500000, 0x0000000088500000| Complete 
|  74|0x0000000088600000, 0x0000000088700000, 0x0000000088700000|100%| E|CS|TAMS 0x0000000088600000, 0x0000000088600000| Complete 
| 125|0x000000008b900000, 0x000000008ba00000, 0x000000008ba00000|100%| E|CS|TAMS 0x000000008b900000, 0x000000008b900000| Complete 

Card table byte_map: [0x00000215f51c0000,0x00000215f55b0000] _byte_map_base: 0x00000215f4da2000

Marking Bits (Prev, Next): (CMBitMap*) 0x00000215dc379230, (CMBitMap*) 0x00000215dc3791f0
 Prev Bits: [0x00000215f78b0000, 0x00000215f97c0000)
 Next Bits: [0x00000215f59a0000, 0x00000215f78b0000)

Polling page: 0x00000215dc3f0000

Metaspace:

Usage:
  Non-class:     54.55 MB used.
      Class:      8.35 MB used.
       Both:     62.90 MB used.

Virtual space:
  Non-class space:       56.00 MB reserved,      54.75 MB ( 98%) committed,  7 nodes.
      Class space:        1.00 GB reserved,       8.50 MB ( <1%) committed,  1 nodes.
             Both:        1.05 GB reserved,      63.25 MB (  6%) committed. 

Chunk freelists:
   Non-Class:  720.00 KB
       Class:  3.52 MB
        Both:  4.22 MB

MaxMetaspaceSize: unlimited
CompressedClassSpaceSize: 1.00 GB
Initial GC threshold: 21.00 MB
Current GC threshold: 70.44 MB
CDS: on
MetaspaceReclaimPolicy: balanced
 - commit_granule_bytes: 65536.
 - commit_granule_words: 8192.
 - virtual_space_node_default_size: 1048576.
 - enlarge_chunks_in_place: 1.
 - new_chunks_are_fully_committed: 0.
 - uncommit_free_chunks: 1.
 - use_allocation_guard: 0.
 - handle_deallocations: 1.


Internal statistics:

num_allocs_failed_limit: 9.
num_arena_births: 486.
num_arena_deaths: 0.
num_vsnodes_births: 8.
num_vsnodes_deaths: 0.
num_space_committed: 1012.
num_space_uncommitted: 0.
num_chunks_returned_to_freelist: 9.
num_chunks_taken_from_freelist: 2713.
num_chunk_merges: 3.
num_chunk_splits: 1906.
num_chunks_enlarged: 1524.
num_purges: 0.
num_inconsistent_stats: 0.

CodeHeap 'non-profiled nmethods': size=120000Kb used=3656Kb max_used=3656Kb free=116343Kb
 bounds [0x00000215ece40000, 0x00000215ed1e0000, 0x00000215f4370000]
CodeHeap 'profiled nmethods': size=120000Kb used=10872Kb max_used=10872Kb free=109127Kb
 bounds [0x00000215e5910000, 0x00000215e63b0000, 0x00000215ece40000]
CodeHeap 'non-nmethods': size=5760Kb used=1349Kb max_used=1386Kb free=4410Kb
 bounds [0x00000215e5370000, 0x00000215e55e0000, 0x00000215e5910000]
 total_blobs=6025 nmethods=5360 adapters=577
 compilation: enabled
              stopped_count=0, restarted_count=0
 full_count=0

Compilation events (20 events):
Event: 632.710 Thread 0x00000215fc273600 nmethod 6093 0x00000215e63a7410 code [0x00000215e63a7640, 0x00000215e63a7d68]
Event: 632.710 Thread 0x00000215fc273600 6094       3       org.apache.catalina.core.StandardPipeline::getFirst (17 bytes)
Event: 632.710 Thread 0x00000215fc273600 nmethod 6094 0x00000215e63a8090 code [0x00000215e63a8220, 0x00000215e63a8398]
Event: 633.228 Thread 0x00000215fc273600 6095       3       com.zaxxer.hikari.pool.PoolEntry::getState (8 bytes)
Event: 633.228 Thread 0x00000215fc273600 nmethod 6095 0x00000215e63a8410 code [0x00000215e63a85c0, 0x00000215e63a8888]
Event: 633.228 Thread 0x00000215fc273600 6096       3       java.util.concurrent.atomic.AtomicIntegerFieldUpdater$AtomicIntegerFieldUpdaterImpl::get (17 bytes)
Event: 633.229 Thread 0x00000215fc273600 nmethod 6096 0x00000215e63a8990 code [0x00000215e63a8b40, 0x00000215e63a8d68]
Event: 642.718 Thread 0x00000215fc273600 6097   !   3       org.apache.catalina.core.ContainerBase::getClusterInternal (38 bytes)
Event: 642.719 Thread 0x00000215fc273600 nmethod 6097 0x00000215e63a8e90 code [0x00000215e63a90c0, 0x00000215e63a97e8]
Event: 642.720 Thread 0x00000215fc273600 6098   !   3       org.apache.catalina.core.ContainerBase$ContainerBackgroundProcessor::processChildren (202 bytes)
Event: 642.722 Thread 0x00000215fc273600 nmethod 6098 0x00000215e63a9b10 code [0x00000215e63a9ec0, 0x00000215e63ac428]
Event: 642.722 Thread 0x00000215fc273600 6099   !   3       org.apache.catalina.core.ContainerBase::backgroundProcess (168 bytes)
Event: 642.723 Thread 0x00000215fc273600 nmethod 6099 0x00000215e63acf10 code [0x00000215e63ad260, 0x00000215e63aea98]
Event: 643.702 Thread 0x00000215fc26ac40 6100       4       java.util.concurrent.locks.AbstractQueuedSynchronizer$Node::setPrevRelaxed (12 bytes)
Event: 643.703 Thread 0x00000215fc26ac40 nmethod 6100 0x00000215ed1d1690 code [0x00000215ed1d1800, 0x00000215ed1d1938]
Event: 643.703 Thread 0x00000215fc26ac40 6101       4       java.util.concurrent.locks.AbstractQueuedSynchronizer::casTail (13 bytes)
Event: 643.704 Thread 0x00000215fc26ac40 nmethod 6101 0x00000215ed1d1990 code [0x00000215ed1d1b00, 0x00000215ed1d1c58]
Event: 773.198 Thread 0x00000215fc26ac40 6102       4       java.util.Collections$UnmodifiableCollection::iterator (9 bytes)
Event: 773.201 Thread 0x00000215fc26ac40 nmethod 6102 0x00000215ed1d1d10 code [0x00000215ed1d1ea0, 0x00000215ed1d2078]
Event: 932.955 Thread 0x00000215fc26ac40 6103       4       java.util.TreeMap::put (221 bytes)

GC Heap History (20 events):
Event: 1.665 GC heap before
{Heap before GC invocations=2 (full 0):
 garbage-first heap   total 129024K, used 57324K [0x0000000083c00000, 0x0000000100000000)
  region size 1024K, 51 young (52224K), 2 survivors (2048K)
 Metaspace       used 21320K, committed 21504K, reserved 1073152K
  class space    used 2647K, committed 2752K, reserved 1048576K
}
Event: 1.671 GC heap after
{Heap after GC invocations=3 (full 0):
 garbage-first heap   total 129024K, used 12843K [0x0000000083c00000, 0x0000000100000000)
  region size 1024K, 6 young (6144K), 6 survivors (6144K)
 Metaspace       used 21320K, committed 21504K, reserved 1073152K
  class space    used 2647K, committed 2752K, reserved 1048576K
}
Event: 2.176 GC heap before
{Heap before GC invocations=4 (full 0):
 garbage-first heap   total 51200K, used 38443K [0x0000000083c00000, 0x0000000100000000)
  region size 1024K, 32 young (32768K), 6 survivors (6144K)
 Metaspace       used 26877K, committed 27200K, reserved 1073152K
  class space    used 3401K, committed 3584K, reserved 1048576K
}
Event: 2.189 GC heap after
{Heap after GC invocations=5 (full 0):
 garbage-first heap   total 51200K, used 15841K [0x0000000083c00000, 0x0000000100000000)
  region size 1024K, 7 young (7168K), 7 survivors (7168K)
 Metaspace       used 26877K, committed 27200K, reserved 1073152K
  class space    used 3401K, committed 3584K, reserved 1048576K
}
Event: 2.476 GC heap before
{Heap before GC invocations=5 (full 0):
 garbage-first heap   total 51200K, used 34273K [0x0000000083c00000, 0x0000000100000000)
  region size 1024K, 26 young (26624K), 7 survivors (7168K)
 Metaspace       used 31222K, committed 31616K, reserved 1081344K
  class space    used 4052K, committed 4224K, reserved 1048576K
}
Event: 2.480 GC heap after
{Heap after GC invocations=6 (full 0):
 garbage-first heap   total 51200K, used 17269K [0x0000000083c00000, 0x0000000100000000)
  region size 1024K, 2 young (2048K), 2 survivors (2048K)
 Metaspace       used 31222K, committed 31616K, reserved 1081344K
  class space    used 4052K, committed 4224K, reserved 1048576K
}
Event: 2.671 GC heap before
{Heap before GC invocations=6 (full 0):
 garbage-first heap   total 51200K, used 29557K [0x0000000083c00000, 0x0000000100000000)
  region size 1024K, 16 young (16384K), 2 survivors (2048K)
 Metaspace       used 35666K, committed 35968K, reserved 1081344K
  class space    used 4693K, committed 4864K, reserved 1048576K
}
Event: 2.673 GC heap after
{Heap after GC invocations=7 (full 0):
 garbage-first heap   total 51200K, used 18094K [0x0000000083c00000, 0x0000000100000000)
  region size 1024K, 3 young (3072K), 3 survivors (3072K)
 Metaspace       used 35666K, committed 35968K, reserved 1081344K
  class space    used 4693K, committed 4864K, reserved 1048576K
}
Event: 3.130 GC heap before
{Heap before GC invocations=8 (full 0):
 garbage-first heap   total 51200K, used 37550K [0x0000000083c00000, 0x0000000100000000)
  region size 1024K, 22 young (22528K), 3 survivors (3072K)
 Metaspace       used 42849K, committed 43200K, reserved 1089536K
  class space    used 5619K, committed 5760K, reserved 1048576K
}
Event: 3.133 GC heap after
{Heap after GC invocations=9 (full 0):
 garbage-first heap   total 51200K, used 19503K [0x0000000083c00000, 0x0000000100000000)
  region size 1024K, 3 young (3072K), 3 survivors (3072K)
 Metaspace       used 42849K, committed 43200K, reserved 1089536K
  class space    used 5619K, committed 5760K, reserved 1048576K
}
Event: 3.386 GC heap before
{Heap before GC invocations=10 (full 0):
 garbage-first heap   total 51200K, used 36911K [0x0000000083c00000, 0x0000000100000000)
  region size 1024K, 21 young (21504K), 3 survivors (3072K)
 Metaspace       used 46347K, committed 46656K, reserved 1097728K
  class space    used 6195K, committed 6336K, reserved 1048576K
}
Event: 3.390 GC heap after
{Heap after GC invocations=11 (full 0):
 garbage-first heap   total 51200K, used 20605K [0x0000000083c00000, 0x0000000100000000)
  region size 1024K, 3 young (3072K), 3 survivors (3072K)
 Metaspace       used 46347K, committed 46656K, reserved 1097728K
  class space    used 6195K, committed 6336K, reserved 1048576K
}
Event: 3.775 GC heap before
{Heap before GC invocations=11 (full 0):
 garbage-first heap   total 51200K, used 39037K [0x0000000083c00000, 0x0000000100000000)
  region size 1024K, 21 young (21504K), 3 survivors (3072K)
 Metaspace       used 49658K, committed 49984K, reserved 1097728K
  class space    used 6647K, committed 6784K, reserved 1048576K
}
Event: 3.778 GC heap after
{Heap after GC invocations=12 (full 0):
 garbage-first heap   total 61440K, used 21812K [0x0000000083c00000, 0x0000000100000000)
  region size 1024K, 3 young (3072K), 3 survivors (3072K)
 Metaspace       used 49658K, committed 49984K, reserved 1097728K
  class space    used 6647K, committed 6784K, reserved 1048576K
}
Event: 4.075 GC heap before
{Heap before GC invocations=12 (full 0):
 garbage-first heap   total 61440K, used 45364K [0x0000000083c00000, 0x0000000100000000)
  region size 1024K, 27 young (27648K), 3 survivors (3072K)
 Metaspace       used 53555K, committed 53952K, reserved 1097728K
  class space    used 7165K, committed 7360K, reserved 1048576K
}
Event: 4.078 GC heap after
{Heap after GC invocations=13 (full 0):
 garbage-first heap   total 61440K, used 23261K [0x0000000083c00000, 0x0000000100000000)
  region size 1024K, 3 young (3072K), 3 survivors (3072K)
 Metaspace       used 53555K, committed 53952K, reserved 1097728K
  class space    used 7165K, committed 7360K, reserved 1048576K
}
Event: 4.423 GC heap before
{Heap before GC invocations=13 (full 0):
 garbage-first heap   total 61440K, used 47837K [0x0000000083c00000, 0x0000000100000000)
  region size 1024K, 27 young (27648K), 3 survivors (3072K)
 Metaspace       used 56484K, committed 56896K, reserved 1105920K
  class space    used 7592K, committed 7808K, reserved 1048576K
}
Event: 4.427 GC heap after
{Heap after GC invocations=14 (full 0):
 garbage-first heap   total 61440K, used 25064K [0x0000000083c00000, 0x0000000100000000)
  region size 1024K, 4 young (4096K), 4 survivors (4096K)
 Metaspace       used 56484K, committed 56896K, reserved 1105920K
  class space    used 7592K, committed 7808K, reserved 1048576K
}
Event: 36.085 GC heap before
{Heap before GC invocations=14 (full 0):
 garbage-first heap   total 61440K, used 47592K [0x0000000083c00000, 0x0000000100000000)
  region size 1024K, 26 young (26624K), 4 survivors (4096K)
 Metaspace       used 60349K, committed 60800K, reserved 1105920K
  class space    used 8086K, committed 8320K, reserved 1048576K
}
Event: 36.090 GC heap after
{Heap after GC invocations=15 (full 0):
 garbage-first heap   total 61440K, used 26854K [0x0000000083c00000, 0x0000000100000000)
  region size 1024K, 4 young (4096K), 4 survivors (4096K)
 Metaspace       used 60349K, committed 60800K, reserved 1105920K
  class space    used 8086K, committed 8320K, reserved 1048576K
}

Deoptimization events (20 events):
Event: 38.287 Thread 0x00000215fccb6970 Uncommon trap: trap_request=0xffffffc6 fr.pc=0x00000215ed06bf94 relative=0x00000000000000d4
Event: 38.287 Thread 0x00000215fccb6970 Uncommon trap: reason=bimorphic_or_optimized_type_check action=maybe_recompile pc=0x00000215ed06bf94 method=sun.security.util.math.intpoly.IntegerPolynomial$MutableElement.setProduct(Lsun/security/util/math/IntegerModuloP;)Lsun/security/util/math/intpoly/
Event: 38.287 Thread 0x00000215fccb6970 DEOPT PACKING pc=0x00000215ed06bf94 sp=0x000000d7fdffa260
Event: 38.287 Thread 0x00000215fccb6970 DEOPT UNPACKING pc=0x00000215e53c5c23 sp=0x000000d7fdffa1f0 mode 2
Event: 39.520 Thread 0x00000215fccb6970 Uncommon trap: trap_request=0xffffffde fr.pc=0x00000215ed065b78 relative=0x0000000000000058
Event: 39.520 Thread 0x00000215fccb6970 Uncommon trap: reason=class_check action=maybe_recompile pc=0x00000215ed065b78 method=java.lang.invoke.Invokers$Holder.linkToTargetMethod(Ljava/lang/Object;Ljava/lang/Object;Ljava/lang/Object;)Ljava/lang/Object; @ 1 c2
Event: 39.520 Thread 0x00000215fccb6970 DEOPT PACKING pc=0x00000215ed065b78 sp=0x000000d7fdff94f0
Event: 39.520 Thread 0x00000215fccb6970 DEOPT UNPACKING pc=0x00000215e53c5c23 sp=0x000000d7fdff9478 mode 2
Event: 39.520 Thread 0x00000215fccb6970 Uncommon trap: trap_request=0xffffffde fr.pc=0x00000215ed065b78 relative=0x0000000000000058
Event: 39.520 Thread 0x00000215fccb6970 Uncommon trap: reason=class_check action=maybe_recompile pc=0x00000215ed065b78 method=java.lang.invoke.Invokers$Holder.linkToTargetMethod(Ljava/lang/Object;Ljava/lang/Object;Ljava/lang/Object;)Ljava/lang/Object; @ 1 c2
Event: 39.520 Thread 0x00000215fccb6970 DEOPT PACKING pc=0x00000215ed065b78 sp=0x000000d7fdff9500
Event: 39.520 Thread 0x00000215fccb6970 DEOPT UNPACKING pc=0x00000215e53c5c23 sp=0x000000d7fdff9488 mode 2
Event: 39.520 Thread 0x00000215fccb6970 Uncommon trap: trap_request=0xffffffde fr.pc=0x00000215ed065b78 relative=0x0000000000000058
Event: 39.520 Thread 0x00000215fccb6970 Uncommon trap: reason=class_check action=maybe_recompile pc=0x00000215ed065b78 method=java.lang.invoke.Invokers$Holder.linkToTargetMethod(Ljava/lang/Object;Ljava/lang/Object;Ljava/lang/Object;)Ljava/lang/Object; @ 1 c2
Event: 39.520 Thread 0x00000215fccb6970 DEOPT PACKING pc=0x00000215ed065b78 sp=0x000000d7fdff9500
Event: 39.520 Thread 0x00000215fccb6970 DEOPT UNPACKING pc=0x00000215e53c5c23 sp=0x000000d7fdff9488 mode 2
Event: 39.520 Thread 0x00000215fccb6970 Uncommon trap: trap_request=0xffffffde fr.pc=0x00000215ed065b78 relative=0x0000000000000058
Event: 39.520 Thread 0x00000215fccb6970 Uncommon trap: reason=class_check action=maybe_recompile pc=0x00000215ed065b78 method=java.lang.invoke.Invokers$Holder.linkToTargetMethod(Ljava/lang/Object;Ljava/lang/Object;Ljava/lang/Object;)Ljava/lang/Object; @ 1 c2
Event: 39.520 Thread 0x00000215fccb6970 DEOPT PACKING pc=0x00000215ed065b78 sp=0x000000d7fdff9500
Event: 39.520 Thread 0x00000215fccb6970 DEOPT UNPACKING pc=0x00000215e53c5c23 sp=0x000000d7fdff9488 mode 2

Classes unloaded (0 events):
No events

Classes redefined (0 events):
No events

Internal exceptions (20 events):
Event: 4.469 Thread 0x00000215dc31eda0 Exception <a 'java/lang/NoSuchMethodError'{0x00000000885d77a0}: 'void java.lang.invoke.DirectMethodHandle$Holder.invokeVirtual(java.lang.Object, java.lang.Object, int)'> (0x00000000885d77a0) 
thrown [s\open\src\hotspot\share\interpreter\linkResolver.cpp, line 759]
Event: 4.471 Thread 0x00000215dc31eda0 Exception <a 'java/lang/NoSuchMethodError'{0x00000000885f2348}: 'void java.lang.invoke.DirectMethodHandle$Holder.invokeVirtual(java.lang.Object, java.lang.Object, long)'> (0x00000000885f2348) 
thrown [s\open\src\hotspot\share\interpreter\linkResolver.cpp, line 759]
Event: 4.576 Thread 0x00000215dc31eda0 Exception <a 'java/lang/IncompatibleClassChangeError'{0x0000000086f28b58}: Found class java.lang.Object, but interface was expected> (0x0000000086f28b58) 
thrown [s\open\src\hotspot\share\interpreter\linkResolver.cpp, line 826]
Event: 4.670 Thread 0x00000215dc31eda0 Exception <a 'java/lang/NoSuchMethodError'{0x0000000086ae6e50}: 'java.lang.Object java.lang.invoke.DirectMethodHandle$Holder.invokeSpecial(java.lang.Object, java.lang.Object, int, java.lang.Object, int, java.lang.Object)'> (0x0000000086ae6e50) 
thrown [s\open\src\hotspot\share\interpreter\linkResolver.cpp, line 759]
Event: 4.670 Thread 0x00000215dc31eda0 Exception <a 'java/lang/NoSuchMethodError'{0x0000000086aeec50}: 'java.lang.Object java.lang.invoke.DirectMethodHandle$Holder.newInvokeSpecial(java.lang.Object, java.lang.Object, int, java.lang.Object, int)'> (0x0000000086aeec50) 
thrown [s\open\src\hotspot\share\interpreter\linkResolver.cpp, line 759]
Event: 4.670 Thread 0x00000215dc31eda0 Exception <a 'java/lang/NoSuchMethodError'{0x0000000086af2d50}: 'java.lang.Object java.lang.invoke.DirectMethodHandle$Holder.invokeSpecial(java.lang.Object, java.lang.Object, java.lang.Object, int, java.lang.Object, int)'> (0x0000000086af2d50) 
thrown [s\open\src\hotspot\share\interpreter\linkResolver.cpp, line 759]
Event: 4.672 Thread 0x00000215dc31eda0 Exception <a 'java/lang/NoSuchMethodError'{0x0000000086afcc10}: 'void java.lang.invoke.DirectMethodHandle$Holder.invokeVirtual(java.lang.Object, java.lang.Object)'> (0x0000000086afcc10) 
thrown [s\open\src\hotspot\share\interpreter\linkResolver.cpp, line 759]
Event: 36.289 Thread 0x00000215fccb6970 Exception <a 'java/lang/ClassNotFoundException'{0x0000000088290168}: java/lang/ObjectCustomizer> (0x0000000088290168) 
thrown [s\open\src\hotspot\share\classfile\systemDictionary.cpp, line 256]
Event: 36.290 Thread 0x00000215fccb6970 Exception <a 'java/lang/ClassNotFoundException'{0x000000008829ac20}: Medicine/Finder/Medicine/Finder/Entity/AppUserCustomizer> (0x000000008829ac20) 
thrown [s\open\src\hotspot\share\classfile\systemDictionary.cpp, line 256]
Event: 36.291 Thread 0x00000215fccb6970 Exception <a 'java/lang/ClassNotFoundException'{0x00000000882b9558}: org/springframework/security/core/userdetails/UserDetailsCustomizer> (0x00000000882b9558) 
thrown [s\open\src\hotspot\share\classfile\systemDictionary.cpp, line 256]
Event: 36.621 Thread 0x00000215fccb6970 Exception <a 'java/lang/ClassNotFoundException'{0x0000000087074488}: java/lang/ObjectCustomizer> (0x0000000087074488) 
thrown [s\open\src\hotspot\share\classfile\systemDictionary.cpp, line 256]
Event: 36.622 Thread 0x00000215fccb6970 Exception <a 'java/lang/ClassNotFoundException'{0x000000008707f210}: Medicine/Finder/Medicine/Finder/Entity/ConfirmationTokenCustomizer> (0x000000008707f210) 
thrown [s\open\src\hotspot\share\classfile\systemDictionary.cpp, line 256]
Event: 36.707 Thread 0x00000215fccb6970 Implicit null exception at 0x00000215ed168f1e to 0x00000215ed16a31c
Event: 36.824 Thread 0x00000215fccb6970 Exception <a 'java/io/FileNotFoundException'{0x0000000086f3cf20}> (0x0000000086f3cf20) 
thrown [s\open\src\hotspot\share\prims\jni.cpp, line 516]
Event: 36.835 Thread 0x00000215fccb6970 Exception <a 'java/io/FileNotFoundException'{0x0000000086fe9100}> (0x0000000086fe9100) 
thrown [s\open\src\hotspot\share\prims\jni.cpp, line 516]
Event: 36.865 Thread 0x00000215fccb6970 Implicit null exception at 0x00000215ece765f2 to 0x00000215ece76c30
Event: 37.467 Thread 0x00000215fccb6970 Exception <a 'java/net/UnknownHostException'{0x0000000086ee4b20}> (0x0000000086ee4b20) 
thrown [s\open\src\hotspot\share\prims\jni.cpp, line 516]
Event: 37.946 Thread 0x00000215fccb6970 Implicit null exception at 0x00000215ece6dbf2 to 0x00000215ece6e248
Event: 39.489 Thread 0x00000215fccb6970 Exception <a 'java/io/FileNotFoundException'{0x0000000086711a08}> (0x0000000086711a08) 
thrown [s\open\src\hotspot\share\prims\jni.cpp, line 516]
Event: 39.489 Thread 0x00000215fccb6970 Exception <a 'java/io/FileNotFoundException'{0x0000000086712a78}> (0x0000000086712a78) 
thrown [s\open\src\hotspot\share\prims\jni.cpp, line 516]

VM Operations (20 events):
Event: 203.295 Executing VM operation: Cleanup
Event: 203.296 Executing VM operation: Cleanup done
Event: 206.332 Executing VM operation: Cleanup
Event: 206.332 Executing VM operation: Cleanup done
Event: 207.345 Executing VM operation: Cleanup
Event: 207.346 Executing VM operation: Cleanup done
Event: 212.378 Executing VM operation: Cleanup
Event: 212.378 Executing VM operation: Cleanup done
Event: 262.821 Executing VM operation: Cleanup
Event: 262.822 Executing VM operation: Cleanup done
Event: 362.660 Executing VM operation: Cleanup
Event: 362.660 Executing VM operation: Cleanup done
Event: 483.633 Executing VM operation: Cleanup
Event: 483.633 Executing VM operation: Cleanup done
Event: 533.082 Executing VM operation: Cleanup
Event: 533.082 Executing VM operation: Cleanup done
Event: 653.168 Executing VM operation: Cleanup
Event: 653.169 Executing VM operation: Cleanup done
Event: 775.136 Executing VM operation: Cleanup
Event: 775.136 Executing VM operation: Cleanup done

Events (20 events):
Event: 39.510 loading class java/awt/ImageCapabilities done
Event: 39.510 loading class java/awt/Image$1
Event: 39.510 loading class sun/awt/image/SurfaceManager$ImageAccessor
Event: 39.518 loading class sun/awt/image/SurfaceManager$ImageAccessor done
Event: 39.518 loading class java/awt/Image$1 done
Event: 39.518 loading class sun/awt/image/SurfaceManager
Event: 39.519 loading class sun/awt/image/SurfaceManager done
Event: 39.521 loading class java/awt/datatransfer/UnsupportedFlavorException
Event: 39.521 loading class java/awt/datatransfer/UnsupportedFlavorException done
Event: 41.954 loading class sun/security/ssl/Alert
Event: 41.954 loading class sun/security/ssl/Alert done
Event: 41.954 loading class sun/security/ssl/Alert$AlertConsumer
Event: 41.954 loading class sun/security/ssl/Alert$AlertConsumer done
Event: 41.954 loading class sun/security/ssl/Alert$Level
Event: 41.954 loading class sun/security/ssl/Alert$Level done
Event: 41.955 Thread 0x0000021585bd6590 Thread exited: 0x0000021585bd6590
Event: 41.960 loading class java/util/stream/LongStream
Event: 41.972 loading class java/util/stream/LongStream done
Event: 41.972 loading class java/util/stream/DoubleStream
Event: 41.973 loading class java/util/stream/DoubleStream done


Dynamic libraries:
0x00007ff60bd90000 - 0x00007ff60bda0000 	C:\Program Files\Java\jdk-17.0.4.1\bin\java.exe
0x00007ffa93870000 - 0x00007ffa93a68000 	C:\windows\SYSTEM32\ntdll.dll
0x00007ffa92b30000 - 0x00007ffa92bed000 	C:\windows\System32\KERNEL32.DLL
0x00007ffa91110000 - 0x00007ffa913de000 	C:\windows\System32\KERNELBASE.dll
0x00007ffa90f90000 - 0x00007ffa91090000 	C:\windows\System32\ucrtbase.dll
0x00007ffa6cb60000 - 0x00007ffa6cb78000 	C:\Program Files\Java\jdk-17.0.4.1\bin\jli.dll
0x00007ffa50620000 - 0x00007ffa5063a000 	C:\Program Files\Java\jdk-17.0.4.1\bin\VCRUNTIME140.dll
0x00007ffa93760000 - 0x00007ffa9380e000 	C:\windows\System32\ADVAPI32.dll
0x00007ffa925c0000 - 0x00007ffa9265e000 	C:\windows\System32\msvcrt.dll
0x00007ffa92260000 - 0x00007ffa922fc000 	C:\windows\System32\sechost.dll
0x00007ffa93500000 - 0x00007ffa93625000 	C:\windows\System32\RPCRT4.dll
0x00007ffa92780000 - 0x00007ffa92920000 	C:\windows\System32\USER32.dll
0x00007ffa91090000 - 0x00007ffa910b2000 	C:\windows\System32\win32u.dll
0x00007ffa8aef0000 - 0x00007ffa8b18a000 	C:\windows\WinSxS\amd64_microsoft.windows.common-controls_6595b64144ccf1df_6.0.19041.1110_none_60b5254171f9507e\COMCTL32.dll
0x00007ffa91a50000 - 0x00007ffa91a7a000 	C:\windows\System32\GDI32.dll
0x00007ffa91570000 - 0x00007ffa9167b000 	C:\windows\System32\gdi32full.dll
0x00007ffa91830000 - 0x00007ffa918cd000 	C:\windows\System32\msvcp_win.dll
0x00007ffa89740000 - 0x00007ffa8974a000 	C:\windows\SYSTEM32\VERSION.dll
0x00007ffa934d0000 - 0x00007ffa93500000 	C:\windows\System32\IMM32.DLL
0x00007ffa71d50000 - 0x00007ffa71d5c000 	C:\Program Files\Java\jdk-17.0.4.1\bin\vcruntime140_1.dll
0x00007ffa3c730000 - 0x00007ffa3c7bd000 	C:\Program Files\Java\jdk-17.0.4.1\bin\msvcp140.dll
0x00007ffa0ebf0000 - 0x00007ffa0f7b2000 	C:\Program Files\Java\jdk-17.0.4.1\bin\server\jvm.dll
0x00007ffa918d0000 - 0x00007ffa918d8000 	C:\windows\System32\PSAPI.DLL
0x00007ffa702d0000 - 0x00007ffa702f7000 	C:\windows\SYSTEM32\WINMM.dll
0x00007ffa86c80000 - 0x00007ffa86c89000 	C:\windows\SYSTEM32\WSOCK32.dll
0x00007ffa92bf0000 - 0x00007ffa92c5b000 	C:\windows\System32\WS2_32.dll
0x00007ffa8f820000 - 0x00007ffa8f832000 	C:\windows\SYSTEM32\kernel.appcore.dll
0x00007ffa6e740000 - 0x00007ffa6e74a000 	C:\Program Files\Java\jdk-17.0.4.1\bin\jimage.dll
0x00007ffa8ed50000 - 0x00007ffa8ef34000 	C:\windows\SYSTEM32\DBGHELP.DLL
0x00007ffa71500000 - 0x00007ffa7152c000 	C:\windows\SYSTEM32\dbgcore.DLL
0x00007ffa917a0000 - 0x00007ffa91822000 	C:\windows\System32\bcryptPrimitives.dll
0x00007ffa8e240000 - 0x00007ffa8e24e000 	C:\Program Files\Java\jdk-17.0.4.1\bin\instrument.dll
0x00007ffa4b3d0000 - 0x00007ffa4b3f5000 	C:\Program Files\Java\jdk-17.0.4.1\bin\java.dll
0x00007ffa3a670000 - 0x00007ffa3a746000 	C:\Program Files\Java\jdk-17.0.4.1\bin\jsvml.dll
0x00007ffa92c70000 - 0x00007ffa933b3000 	C:\windows\System32\SHELL32.dll
0x00007ffa8f020000 - 0x00007ffa8f7b5000 	C:\windows\SYSTEM32\windows.storage.dll
0x00007ffa91f00000 - 0x00007ffa92254000 	C:\windows\System32\combase.dll
0x00007ffa90840000 - 0x00007ffa90870000 	C:\windows\SYSTEM32\Wldp.dll
0x00007ffa92360000 - 0x00007ffa9240d000 	C:\windows\System32\SHCORE.dll
0x00007ffa93630000 - 0x00007ffa93685000 	C:\windows\System32\shlwapi.dll
0x00007ffa90ed0000 - 0x00007ffa90eef000 	C:\windows\SYSTEM32\profapi.dll
0x00007ffa48a50000 - 0x00007ffa48a68000 	C:\Program Files\Java\jdk-17.0.4.1\bin\zip.dll
0x00007ffa500d0000 - 0x00007ffa500e9000 	C:\Program Files\Java\jdk-17.0.4.1\bin\net.dll
0x00007ffa8b880000 - 0x00007ffa8b98a000 	C:\windows\SYSTEM32\WINHTTP.dll
0x00007ffa90620000 - 0x00007ffa9068a000 	C:\windows\system32\mswsock.dll
0x00007ffa4b3b0000 - 0x00007ffa4b3c6000 	C:\Program Files\Java\jdk-17.0.4.1\bin\nio.dll
0x00007ffa6d190000 - 0x00007ffa6d1aa000 	C:\Program Files\JetBrains\IntelliJ IDEA Community Edition 2022.2.1\bin\breakgen64.dll
0x00007ffa75fa0000 - 0x00007ffa75fb0000 	C:\Program Files\Java\jdk-17.0.4.1\bin\verify.dll
0x00007ffa83670000 - 0x00007ffa83679000 	C:\Program Files\Java\jdk-17.0.4.1\bin\management.dll
0x00007ffa77420000 - 0x00007ffa7742b000 	C:\Program Files\Java\jdk-17.0.4.1\bin\management_ext.dll
0x00007ffa5bca0000 - 0x00007ffa5bcb7000 	C:\windows\system32\napinsp.dll
0x00007ffa5adb0000 - 0x00007ffa5adcb000 	C:\windows\system32\pnrpnsp.dll
0x00007ffa5ad90000 - 0x00007ffa5ada5000 	C:\windows\system32\wshbth.dll
0x00007ffa8c400000 - 0x00007ffa8c41d000 	C:\windows\system32\NLAapi.dll
0x00007ffa90330000 - 0x00007ffa9036b000 	C:\windows\SYSTEM32\IPHLPAPI.DLL
0x00007ffa90370000 - 0x00007ffa9043a000 	C:\windows\SYSTEM32\DNSAPI.dll
0x00007ffa91ef0000 - 0x00007ffa91ef8000 	C:\windows\System32\NSI.dll
0x00007ffa5acd0000 - 0x00007ffa5ace2000 	C:\windows\System32\winrnr.dll
0x00007ffa89fa0000 - 0x00007ffa89faa000 	C:\Windows\System32\rasadhlp.dll
0x00007ffa899b0000 - 0x00007ffa89a30000 	C:\windows\System32\fwpuclnt.dll
0x00007ffa913e0000 - 0x00007ffa91407000 	C:\windows\System32\bcrypt.dll
0x00007ffa908f0000 - 0x00007ffa90908000 	C:\windows\SYSTEM32\CRYPTSP.dll
0x00007ffa8ffc0000 - 0x00007ffa8fff4000 	C:\windows\system32\rsaenh.dll
0x00007ffa90e90000 - 0x00007ffa90ebe000 	C:\windows\SYSTEM32\USERENV.dll
0x00007ffa907b0000 - 0x00007ffa907bc000 	C:\windows\SYSTEM32\CRYPTBASE.dll
0x00007ffa8a250000 - 0x00007ffa8a267000 	C:\windows\SYSTEM32\dhcpcsvc6.DLL
0x00007ffa8a620000 - 0x00007ffa8a63d000 	C:\windows\SYSTEM32\dhcpcsvc.DLL
0x00007ffa773e0000 - 0x00007ffa773ee000 	C:\Program Files\Java\jdk-17.0.4.1\bin\sunmscapi.dll
0x00007ffa91410000 - 0x00007ffa91566000 	C:\windows\System32\CRYPT32.dll
0x00007ffa908c0000 - 0x00007ffa908e7000 	C:\windows\SYSTEM32\ncrypt.dll
0x00007ffa90870000 - 0x00007ffa908ab000 	C:\windows\SYSTEM32\NTASN1.dll
0x00007ffa727a0000 - 0x00007ffa727a7000 	C:\windows\system32\wshunix.dll

dbghelp: loaded successfully - version: 4.0.5 - missing functions: none
symbol engine: initialized successfully - sym options: 0x614 - pdb path: .;C:\Program Files\Java\jdk-17.0.4.1\bin;C:\windows\SYSTEM32;C:\windows\WinSxS\amd64_microsoft.windows.common-controls_6595b64144ccf1df_6.0.19041.1110_none_60b5254171f9507e;C:\Program Files\Java\jdk-17.0.4.1\bin\server;C:\Program Files\JetBrains\IntelliJ IDEA Community Edition 2022.2.1\bin

VM Arguments:
jvm_args: -javaagent:C:\Program Files\JetBrains\IntelliJ IDEA Community Edition 2022.2.1\lib\idea_rt.jar=53345:C:\Program Files\JetBrains\IntelliJ IDEA Community Edition 2022.2.1\bin -Dfile.encoding=UTF-8 
java_command: Medicine.Finder.Medicine.Finder.MedicineFinderApplication
java_class_path (initial): D:\Medi\Medicine-Finder\target\classes;C:\Users\Kanishka\.m2\repository\org\springframework\boot\spring-boot-starter-data-jpa\2.7.4\spring-boot-starter-data-jpa-2.7.4.jar;C:\Users\Kanishka\.m2\repository\org\springframework\boot\spring-boot-starter-aop\2.7.4\spring-boot-starter-aop-2.7.4.jar;C:\Users\Kanishka\.m2\repository\org\aspectj\aspectjweaver\1.9.7\aspectjweaver-1.9.7.jar;C:\Users\Kanishka\.m2\repository\org\springframework\boot\spring-boot-starter-jdbc\2.7.4\spring-boot-starter-jdbc-2.7.4.jar;C:\Users\Kanishka\.m2\repository\com\zaxxer\HikariCP\4.0.3\HikariCP-4.0.3.jar;C:\Users\Kanishka\.m2\repository\org\springframework\spring-jdbc\5.3.23\spring-jdbc-5.3.23.jar;C:\Users\Kanishka\.m2\repository\jakarta\transaction\jakarta.transaction-api\1.3.3\jakarta.transaction-api-1.3.3.jar;C:\Users\Kanishka\.m2\repository\jakarta\persistence\jakarta.persistence-api\2.2.3\jakarta.persistence-api-2.2.3.jar;C:\Users\Kanishka\.m2\repository\org\hibernate\hibernate-core\5.6.11.Final\hibernate-core-5.6.11.Final.jar;C:\Users\Kanishka\.m2\repository\org\jboss\logging\jboss-logging\3.4.3.Final\jboss-logging-3.4.3.Final.jar;C:\Users\Kanishka\.m2\repository\net\bytebuddy\byte-buddy\1.12.17\byte-buddy-1.12.17.jar;C:\Users\Kanishka\.m2\repository\antlr\antlr\2.7.7\antlr-2.7.7.jar;C:\Users\Kanishka\.m2\repository\org\jboss\jandex\2.4.2.Final\jandex-2.4.2.Final.jar;C:\Users\Kanishka\.m2\repository\com\fasterxml\classmate\1.5.1\classmate-1.5.1.jar;C:\Users\Kanishka\.m2\repository\org\hibernate\common\hibernate-commons-annotations\5.1.2.Final\hibernate-commons-annotations-5.1.2.Final.jar;C:\Users\Kanishka\.m2\repository\org\glassfish\jaxb\jaxb-runtime\2.3.6\jaxb-runtime-2.3.6.jar;C:\Users\Kanishka\.m2\repository\org\glassfish\jaxb\txw2\2.3.6\txw2-2.3.6.jar;C:\Users\Kanishka\.m2\repository\com\sun\istack\istack-commons-runtime\3.0.12\istack-commons-runtime-3.0.12.jar;C:\Users\Kanishka\.m2\repository\org\springframework\data\spring-data-jpa\2.7.3\spring-data-jp
Launcher Type: SUN_STANDARD

[Global flags]
     intx CICompilerCount                          = 4                                         {product} {ergonomic}
     uint ConcGCThreads                            = 2                                         {product} {ergonomic}
     uint G1ConcRefinementThreads                  = 8                                         {product} {ergonomic}
   size_t G1HeapRegionSize                         = 1048576                                   {product} {ergonomic}
    uintx GCDrainStackTargetSize                   = 64                                        {product} {ergonomic}
   size_t InitialHeapSize                          = 132120576                                 {product} {ergonomic}
   size_t MarkStackSize                            = 4194304                                   {product} {ergonomic}
   size_t MaxHeapSize                              = 2084569088                                {product} {ergonomic}
   size_t MaxNewSize                               = 1249902592                                {product} {ergonomic}
   size_t MinHeapDeltaBytes                        = 1048576                                   {product} {ergonomic}
   size_t MinHeapSize                              = 8388608                                   {product} {ergonomic}
    uintx NonNMethodCodeHeapSize                   = 5839372                                {pd product} {ergonomic}
    uintx NonProfiledCodeHeapSize                  = 122909434                              {pd product} {ergonomic}
    uintx ProfiledCodeHeapSize                     = 122909434                              {pd product} {ergonomic}
    uintx ReservedCodeCacheSize                    = 251658240                              {pd product} {ergonomic}
     bool SegmentedCodeCache                       = true                                      {product} {ergonomic}
   size_t SoftMaxHeapSize                          = 2084569088                             {manageable} {ergonomic}
     bool UseCompressedClassPointers               = true                           {product lp64_product} {ergonomic}
     bool UseCompressedOops                        = true                           {product lp64_product} {ergonomic}
     bool UseG1GC                                  = true                                      {product} {ergonomic}
     bool UseLargePagesIndividualAllocation        = false                                  {pd product} {ergonomic}

Logging:
Log output configuration:
 #0: stdout all=warning uptime,level,tags
 #1: stderr all=off uptime,level,tags

Environment Variables:
PATH=C:\Program Files\Microsoft MPI\Bin\;C:\Program Files\Common Files\Oracle\Java\javapath;C:\windows\system32;C:\windows;C:\windows\System32\Wbem;C:\windows\System32\WindowsPowerShell\v1.0\;C:\windows\System32\OpenSSH\;C:\Program Files (x86)\NVIDIA Corporation\PhysX\Common;C:\Program Files\NVIDIA Corporation\NVIDIA NvDLISR;C:\Program Files\dotnet\;C:\Program Files\Microsoft SQL Server\Client SDK\ODBC\170\Tools\Binn\;C:\Program Files (x86)\Microsoft SQL Server\150\Tools\Binn\;C:\Program Files\Microsoft SQL Server\150\Tools\Binn\;C:\Program Files\Microsoft SQL Server\150\DTS\Binn\;C:\Program Files (x86)\Microsoft SQL Server\160\DTS\Binn\;C:\Program Files\Microsoft SQL Server\130\Tools\Binn\;C:\Program Files\Git\cmd;C:\Program Files\PuTTY\;C:\Program Files\Docker\Docker\resources\bin;C:\ProgramData\DockerDesktop\version-bin;C:\Program Files\MySQL\MySQL Shell 8.0\bin\;C:\Users\Kanishka\AppData\Local\Microsoft\WindowsApps;C:\Users\Kanishka\.dotnet\tools;C:\Program Files\Azure Data Studio\bin;C:\Users\Kanishka\AppData\Local\Programs\Microsoft VS Code\bin
USERNAME=Kanishka
OS=Windows_NT
PROCESSOR_IDENTIFIER=Intel64 Family 6 Model 140 Stepping 1, GenuineIntel



---------------  S Y S T E M  ---------------

OS:
 Windows 10 , 64 bit Build 19041 (10.0.19041.1889)
OS uptime: 1 days 9:28 hours
Hyper-V role detected

CPU: total 8 (initial active 8) (4 cores per cpu, 2 threads per core) family 6 model 140 stepping 1 microcode 0x86, cx8, cmov, fxsr, ht, mmx, 3dnowpref, sse, sse2, sse3, ssse3, sse4.1, sse4.2, popcnt, lzcnt, tsc, tscinvbit, avx, avx2, aes, erms, clmul, bmi1, bmi2, adx, avx512f, avx512dq, avx512cd, avx512bw, avx512vl, sha, fma, vzeroupper, avx512_vpopcntdq, avx512_vpclmulqdq, avx512_vaes, avx512_vnni, clflush, clflushopt, clwb, avx512_vbmi2, avx512_vbmi, hv

Memory: 4k page, system-wide physical 7948M (392M free)
TotalPageFile size 12044M (AvailPageFile size 47M)
current process WorkingSet (physical memory assigned to process): 216M, peak: 257M
current process commit charge ("private bytes"): 259M, peak: 298M

vm_info: Java HotSpot(TM) 64-Bit Server VM (17.0.4.1+1-LTS-2) for windows-amd64 JRE (17.0.4.1+1-LTS-2), built on Aug 16 2022 18:32:06 by "mach5one" with MS VC++ 16.8 / 16.9 (VS2019)

END.
